<?xml version="1.0" encoding="UTF-8"?>
<!-- Generated by org.testng.reporters.JUnitReportReporter -->
<testsuite hostname="Evgeniys-MacBook-Pro.local" failures="0" tests="1" name="AppTest" time="0.002" errors="0" timestamp="2022-12-06T17:58:42 EST" skipped="0">
  <testcase classname="AppTest" name="shouldAnswerWithTrue" time="0.002"/>
  <system-out/>
</testsuite> <!-- AppTest -->
